# JRE version: OpenJDK Runtime Environment (11.0.15) (build 11.0.15+0-b2043.56-9505619)
# Java VM: OpenJDK 64-Bit Server VM (11.0.15+0-b2043.56-9505619, mixed mode, tiered, compressed oops, g1 gc, windows-amd64)
Heap:
 garbage-first heap   total 739328K, used 267968K [0x0000000080000000, 0x0000000100000000)
  region size 1024K, 2 young (2048K), 2 survivors (2048K)
 Metaspace       used 188147K, capacity 192287K, committed 193224K, reserved 1216512K
  class space    used 23765K, capacity 25285K, committed 25624K, reserved 1048576K
GC Heap History (20 events):
Event: 13616.552 GC heap after
{Heap after GC invocations=160 (full 0):
 garbage-first heap   total 355328K, used 235247K [0x0000000080000000, 0x0000000100000000)
  region size 1024K, 3 young (3072K), 3 survivors (3072K)
 Metaspace       used 184930K, capacity 188898K, committed 190408K, reserved 1214464K
  class space    used 23423K, capacity 24849K, committed 25368K, reserved 1048576K
}
Event: 13619.736 GC heap before
{Heap before GC invocations=161 (full 0):
 garbage-first heap   total 355328K, used 248559K [0x0000000080000000, 0x0000000100000000)
  region size 1024K, 17 young (17408K), 3 survivors (3072K)
 Metaspace       used 185176K, capacity 189220K, committed 190408K, reserved 1214464K
  class space    used 23468K, capacity 24951K, committed 25368K, reserved 1048576K
}
Event: 13619.831 GC heap after
{Heap after GC invocations=162 (full 0):
 garbage-first heap   total 355328K, used 236482K [0x0000000080000000, 0x0000000100000000)
  region size 1024K, 2 young (2048K), 2 survivors (2048K)
 Metaspace       used 185176K, capacity 189220K, committed 190408K, reserved 1214464K
  class space    used 23468K, capacity 24951K, committed 25368K, reserved 1048576K
}
Event: 13624.993 GC heap before
{Heap before GC invocations=162 (full 0):
 garbage-first heap   total 355328K, used 250818K [0x0000000080000000, 0x0000000100000000)
  region size 1024K, 17 young (17408K), 2 survivors (2048K)
 Metaspace       used 187133K, capacity 191219K, committed 192456K, reserved 1216512K
  class space    used 23708K, capacity 25212K, committed 25624K, reserved 1048576K
}
Event: 13625.348 GC heap after
{Heap after GC invocations=163 (full 0):
 garbage-first heap   total 355328K, used 235182K [0x0000000080000000, 0x0000000100000000)
  region size 1024K, 2 young (2048K), 2 survivors (2048K)
 Metaspace       used 187133K, capacity 191219K, committed 192456K, reserved 1216512K
  class space    used 23708K, capacity 25212K, committed 25624K, reserved 1048576K
}
Event: 13627.805 GC heap before
{Heap before GC invocations=163 (full 0):
 garbage-first heap   total 355328K, used 250542K [0x0000000080000000, 0x0000000100000000)
  region size 1024K, 17 young (17408K), 2 survivors (2048K)
 Metaspace       used 187444K, capacity 191505K, committed 192712K, reserved 1216512K
  class space    used 23710K, capacity 25215K, committed 25624K, reserved 1048576K
}
Event: 13627.851 GC heap after
{Heap after GC invocations=164 (full 0):
 garbage-first heap   total 355328K, used 236942K [0x0000000080000000, 0x0000000100000000)
  region size 1024K, 3 young (3072K), 3 survivors (3072K)
 Metaspace       used 187444K, capacity 191505K, committed 192712K, reserved 1216512K
  class space    used 23710K, capacity 25215K, committed 25624K, reserved 1048576K
}
Event: 13628.893 GC heap before
{Heap before GC invocations=165 (full 0):
 garbage-first heap   total 355328K, used 251278K [0x0000000080000000, 0x0000000100000000)
  region size 1024K, 17 young (17408K), 3 survivors (3072K)
 Metaspace       used 187512K, capacity 191569K, committed 192712K, reserved 1216512K
  class space    used 23710K, capacity 25215K, committed 25624K, reserved 1048576K
}
Event: 13628.931 GC heap after
{Heap after GC invocations=166 (full 0):
 garbage-first heap   total 355328K, used 237860K [0x0000000080000000, 0x0000000100000000)
  region size 1024K, 3 young (3072K), 3 survivors (3072K)
 Metaspace       used 187512K, capacity 191569K, committed 192712K, reserved 1216512K
  class space    used 23710K, capacity 25215K, committed 25624K, reserved 1048576K
}
Event: 13629.718 GC heap before
{Heap before GC invocations=166 (full 0):
 garbage-first heap   total 355328K, used 252196K [0x0000000080000000, 0x0000000100000000)
  region size 1024K, 17 young (17408K), 3 survivors (3072K)
 Metaspace       used 187590K, capacity 191633K, committed 192712K, reserved 1216512K
  class space    used 23710K, capacity 25215K, committed 25624K, reserved 1048576K
}
Event: 13629.903 GC heap after
{Heap after GC invocations=167 (full 0):
 garbage-first heap   total 355328K, used 238862K [0x0000000080000000, 0x0000000100000000)
  region size 1024K, 3 young (3072K), 3 survivors (3072K)
 Metaspace       used 187590K, capacity 191633K, committed 192712K, reserved 1216512K
  class space    used 23710K, capacity 25215K, committed 25624K, reserved 1048576K
}
Event: 13631.243 GC heap before
{Heap before GC invocations=167 (full 0):
 garbage-first heap   total 355328K, used 252174K [0x0000000080000000, 0x0000000100000000)
  region size 1024K, 17 young (17408K), 3 survivors (3072K)
 Metaspace       used 187627K, capacity 191697K, committed 192968K, reserved 1216512K
  class space    used 23710K, capacity 25215K, committed 25624K, reserved 1048576K
}
Event: 13631.586 GC heap after
{Heap after GC invocations=168 (full 0):
 garbage-first heap   total 454656K, used 243647K [0x0000000080000000, 0x0000000100000000)
  region size 1024K, 3 young (3072K), 3 survivors (3072K)
 Metaspace       used 187627K, capacity 191697K, committed 192968K, reserved 1216512K
  class space    used 23710K, capacity 25215K, committed 25624K, reserved 1048576K
}
Event: 13633.647 GC heap before
{Heap before GC invocations=169 (full 0):
 garbage-first heap   total 454656K, used 254911K [0x0000000080000000, 0x0000000100000000)
  region size 1024K, 15 young (15360K), 3 survivors (3072K)
 Metaspace       used 187629K, capacity 191697K, committed 192968K, reserved 1216512K
  class space    used 23710K, capacity 25215K, committed 25624K, reserved 1048576K
}
Event: 13633.792 GC heap after
{Heap after GC invocations=170 (full 0):
 garbage-first heap   total 454656K, used 246784K [0x0000000080000000, 0x0000000100000000)
  region size 1024K, 3 young (3072K), 3 survivors (3072K)
 Metaspace       used 187629K, capacity 191697K, committed 192968K, reserved 1216512K
  class space    used 23710K, capacity 25215K, committed 25624K, reserved 1048576K
}
Event: 13635.933 GC heap before
{Heap before GC invocations=171 (full 0):
 garbage-first heap   total 454656K, used 275456K [0x0000000080000000, 0x0000000100000000)
  region size 1024K, 22 young (22528K), 3 survivors (3072K)
 Metaspace       used 187717K, capacity 191764K, committed 192968K, reserved 1216512K
  class space    used 23711K, capacity 25216K, committed 25624K, reserved 1048576K
}
Event: 13636.389 GC heap after
{Heap after GC invocations=172 (full 0):
 garbage-first heap   total 454656K, used 258764K [0x0000000080000000, 0x0000000100000000)
  region size 1024K, 3 young (3072K), 3 survivors (3072K)
 Metaspace       used 187717K, capacity 191764K, committed 192968K, reserved 1216512K
  class space    used 23711K, capacity 25216K, committed 25624K, reserved 1048576K
}
Event: 13638.794 GC heap before
{Heap before GC invocations=172 (full 0):
 garbage-first heap   total 454656K, used 278220K [0x0000000080000000, 0x0000000100000000)
  region size 1024K, 22 young (22528K), 3 survivors (3072K)
 Metaspace       used 187988K, capacity 192159K, committed 193224K, reserved 1216512K
  class space    used 23753K, capacity 25285K, committed 25624K, reserved 1048576K
}
Event: 13638.968 GC heap after
{Heap after GC invocations=173 (full 0):
 garbage-first heap   total 454656K, used 263968K [0x0000000080000000, 0x0000000100000000)
  region size 1024K, 3 young (3072K), 3 survivors (3072K)
 Metaspace       used 187988K, capacity 192159K, committed 193224K, reserved 1216512K
  class space    used 23753K, capacity 25285K, committed 25624K, reserved 1048576K
}
Event: 13639.834 GC heap before
{Heap before GC invocations=174 (full 0):
 garbage-first heap   total 454656K, used 273184K [0x0000000080000000, 0x0000000100000000)
  region size 1024K, 11 young (11264K), 3 survivors (3072K)
 Metaspace       used 188147K, capacity 192287K, committed 193224K, reserved 1216512K
  class space    used 23765K, capacity 25285K, committed 25624K, reserved 1048576K
}

