# JRE version: OpenJDK Runtime Environment (11.0.15) (build 11.0.15+0-b2043.56-9505619)
# Java VM: OpenJDK 64-Bit Server VM (11.0.15+0-b2043.56-9505619, mixed mode, tiered, compressed oops, g1 gc, windows-amd64)
Heap:
 garbage-first heap   total 595968K, used 302598K [0x0000000080000000, 0x0000000100000000)
  region size 1024K, 4 young (4096K), 4 survivors (4096K)
 Metaspace       used 128213K, capacity 131897K, committed 133200K, reserved 1165312K
  class space    used 16054K, capacity 17513K, committed 18124K, reserved 1048576K
GC Heap History (20 events):
Event: 175.756 GC heap after
{Heap after GC invocations=111 (full 0):
 garbage-first heap   total 368640K, used 262656K [0x0000000080000000, 0x0000000100000000)
  region size 1024K, 7 young (7168K), 7 survivors (7168K)
 Metaspace       used 127715K, capacity 131417K, committed 132944K, reserved 1165312K
  class space    used 16027K, capacity 17479K, committed 18124K, reserved 1048576K
}
Event: 176.123 GC heap before
{Heap before GC invocations=111 (full 0):
 garbage-first heap   total 368640K, used 300544K [0x0000000080000000, 0x0000000100000000)
  region size 1024K, 45 young (46080K), 7 survivors (7168K)
 Metaspace       used 127779K, capacity 131426K, committed 132944K, reserved 1165312K
  class space    used 16029K, capacity 17479K, committed 18124K, reserved 1048576K
}
Event: 176.144 GC heap after
{Heap after GC invocations=112 (full 0):
 garbage-first heap   total 368640K, used 269888K [0x0000000080000000, 0x0000000100000000)
  region size 1024K, 6 young (6144K), 6 survivors (6144K)
 Metaspace       used 127779K, capacity 131426K, committed 132944K, reserved 1165312K
  class space    used 16029K, capacity 17479K, committed 18124K, reserved 1048576K
}
Event: 176.622 GC heap before
{Heap before GC invocations=112 (full 0):
 garbage-first heap   total 368640K, used 307776K [0x0000000080000000, 0x0000000100000000)
  region size 1024K, 42 young (43008K), 6 survivors (6144K)
 Metaspace       used 127799K, capacity 131490K, committed 132944K, reserved 1165312K
  class space    used 16030K, capacity 17479K, committed 18124K, reserved 1048576K
}
Event: 176.644 GC heap after
{Heap after GC invocations=113 (full 0):
 garbage-first heap   total 368640K, used 275092K [0x0000000080000000, 0x0000000100000000)
  region size 1024K, 2 young (2048K), 2 survivors (2048K)
 Metaspace       used 127799K, capacity 131490K, committed 132944K, reserved 1165312K
  class space    used 16030K, capacity 17479K, committed 18124K, reserved 1048576K
}
Event: 177.247 GC heap before
{Heap before GC invocations=113 (full 0):
 garbage-first heap   total 368640K, used 299668K [0x0000000080000000, 0x0000000100000000)
  region size 1024K, 27 young (27648K), 2 survivors (2048K)
 Metaspace       used 127804K, capacity 131490K, committed 132944K, reserved 1165312K
  class space    used 16030K, capacity 17479K, committed 18124K, reserved 1048576K
}
Event: 177.588 GC heap after
{Heap after GC invocations=114 (full 0):
 garbage-first heap   total 368640K, used 278093K [0x0000000080000000, 0x0000000100000000)
  region size 1024K, 5 young (5120K), 5 survivors (5120K)
 Metaspace       used 127804K, capacity 131490K, committed 132944K, reserved 1165312K
  class space    used 16030K, capacity 17479K, committed 18124K, reserved 1048576K
}
Event: 178.552 GC heap before
{Heap before GC invocations=114 (full 0):
 garbage-first heap   total 368640K, used 325197K [0x0000000080000000, 0x0000000100000000)
  region size 1024K, 38 young (38912K), 5 survivors (5120K)
 Metaspace       used 127932K, capacity 131662K, committed 133200K, reserved 1165312K
  class space    used 16038K, capacity 17486K, committed 18124K, reserved 1048576K
}
Event: 178.583 GC heap after
{Heap after GC invocations=115 (full 0):
 garbage-first heap   total 368640K, used 288727K [0x0000000080000000, 0x0000000100000000)
  region size 1024K, 4 young (4096K), 4 survivors (4096K)
 Metaspace       used 127932K, capacity 131662K, committed 133200K, reserved 1165312K
  class space    used 16038K, capacity 17486K, committed 18124K, reserved 1048576K
}
Event: 180.196 GC heap before
{Heap before GC invocations=115 (full 0):
 garbage-first heap   total 368640K, used 321495K [0x0000000080000000, 0x0000000100000000)
  region size 1024K, 32 young (32768K), 4 survivors (4096K)
 Metaspace       used 128168K, capacity 131921K, committed 133200K, reserved 1165312K
  class space    used 16055K, capacity 17525K, committed 18124K, reserved 1048576K
}
Event: 180.263 GC heap after
{Heap after GC invocations=116 (full 0):
 garbage-first heap   total 368640K, used 296215K [0x0000000080000000, 0x0000000100000000)
  region size 1024K, 3 young (3072K), 3 survivors (3072K)
 Metaspace       used 128168K, capacity 131921K, committed 133200K, reserved 1165312K
  class space    used 16055K, capacity 17525K, committed 18124K, reserved 1048576K
}
Event: 180.463 GC heap before
{Heap before GC invocations=116 (full 0):
 garbage-first heap   total 368640K, used 319767K [0x0000000080000000, 0x0000000100000000)
  region size 1024K, 27 young (27648K), 3 survivors (3072K)
 Metaspace       used 128169K, capacity 131921K, committed 133200K, reserved 1165312K
  class space    used 16055K, capacity 17525K, committed 18124K, reserved 1048576K
}
Event: 180.472 GC heap after
{Heap after GC invocations=117 (full 0):
 garbage-first heap   total 368640K, used 300254K [0x0000000080000000, 0x0000000100000000)
  region size 1024K, 4 young (4096K), 4 survivors (4096K)
 Metaspace       used 128169K, capacity 131921K, committed 133200K, reserved 1165312K
  class space    used 16055K, capacity 17525K, committed 18124K, reserved 1048576K
}
Event: 181.189 GC heap before
{Heap before GC invocations=117 (full 0):
 garbage-first heap   total 368640K, used 324830K [0x0000000080000000, 0x0000000100000000)
  region size 1024K, 25 young (25600K), 4 survivors (4096K)
 Metaspace       used 128228K, capacity 131936K, committed 133200K, reserved 1165312K
  class space    used 16064K, capacity 17530K, committed 18124K, reserved 1048576K
}
Event: 181.195 GC heap after
{Heap after GC invocations=118 (full 0):
 garbage-first heap   total 368640K, used 304196K [0x0000000080000000, 0x0000000100000000)
  region size 1024K, 3 young (3072K), 3 survivors (3072K)
 Metaspace       used 128228K, capacity 131936K, committed 133200K, reserved 1165312K
  class space    used 16064K, capacity 17530K, committed 18124K, reserved 1048576K
}
Event: 181.525 GC heap before
{Heap before GC invocations=118 (full 0):
 garbage-first heap   total 368640K, used 314436K [0x0000000080000000, 0x0000000100000000)
  region size 1024K, 21 young (21504K), 3 survivors (3072K)
 Metaspace       used 128213K, capacity 131897K, committed 133200K, reserved 1165312K
  class space    used 16054K, capacity 17513K, committed 18124K, reserved 1048576K
}
Event: 181.535 GC heap after
{Heap after GC invocations=119 (full 0):
 garbage-first heap   total 368640K, used 291565K [0x0000000080000000, 0x0000000100000000)
  region size 1024K, 3 young (3072K), 3 survivors (3072K)
 Metaspace       used 128213K, capacity 131897K, committed 133200K, reserved 1165312K
  class space    used 16054K, capacity 17513K, committed 18124K, reserved 1048576K
}
Event: 181.618 GC heap before
{Heap before GC invocations=119 (full 0):
 garbage-first heap   total 368640K, used 318189K [0x0000000080000000, 0x0000000100000000)
  region size 1024K, 30 young (30720K), 3 survivors (3072K)
 Metaspace       used 128213K, capacity 131897K, committed 133200K, reserved 1165312K
  class space    used 16054K, capacity 17513K, committed 18124K, reserved 1048576K
}
Event: 181.642 GC heap after
{Heap after GC invocations=120 (full 0):
 garbage-first heap   total 368640K, used 297345K [0x0000000080000000, 0x0000000100000000)
  region size 1024K, 4 young (4096K), 4 survivors (4096K)
 Metaspace       used 128213K, capacity 131897K, committed 133200K, reserved 1165312K
  class space    used 16054K, capacity 17513K, committed 18124K, reserved 1048576K
}
Event: 181.720 GC heap before
{Heap before GC invocations=120 (full 0):
 garbage-first heap   total 368640K, used 320897K [0x0000000080000000, 0x0000000100000000)
  region size 1024K, 27 young (27648K), 4 survivors (4096K)
 Metaspace       used 128213K, capacity 131897K, committed 133200K, reserved 1165312K
  class space    used 16054K, capacity 17513K, committed 18124K, reserved 1048576K
}

